{"level":"info","message":"Connected To Db..","timestamp":"2020-06-19T14:00:42.945Z"}
{"level":"info","message":"Connected To Db..","timestamp":"2020-06-19T14:01:24.885Z"}
{"level":"info","message":"Connected To Db..","timestamp":"2020-06-19T14:01:47.536Z"}
{"level":"info","message":"Connected To Db..","timestamp":"2020-06-19T14:02:08.225Z"}
{"level":"info","message":"Connected To Db..","timestamp":"2020-06-19T14:03:12.420Z"}
{"level":"info","message":"Connected To Db..","timestamp":"2020-06-19T14:13:32.258Z"}
{"level":"info","message":"Connected To Db..","timestamp":"2020-06-19T14:14:07.741Z"}
{"level":"info","message":"Connected To Db..","timestamp":"2020-06-19T14:16:28.769Z"}
{"level":"info","message":"Connected To Db..","timestamp":"2020-06-19T14:17:19.603Z"}
{"level":"info","message":"Connected To Db..","timestamp":"2020-06-19T14:17:36.252Z"}
{"level":"info","message":"Connected To mongodb://localhost/vidren..","timestamp":"2020-06-19T14:49:00.460Z"}
{"level":"info","message":"Connected To mongodb://localhost/vidren_tests..","timestamp":"2020-06-19T15:05:14.568Z"}
{"level":"info","message":"Connected To mongodb://localhost/vidren_tests..","timestamp":"2020-06-19T15:07:18.557Z"}
{"level":"info","message":"Connected To mongodb://localhost/vidren_tests..","timestamp":"2020-06-19T15:08:15.038Z"}
{"level":"info","message":"Connected To mongodb://localhost/vidren_tests..","timestamp":"2020-06-19T15:11:14.789Z"}
{"level":"info","message":"Connected To mongodb://localhost/vidren_tests..","timestamp":"2020-06-19T15:24:18.679Z"}
{"level":"info","message":"Connected To mongodb://localhost/vidren_tests..","timestamp":"2020-06-19T15:25:56.733Z"}
{"level":"info","message":"Connected To mongodb://localhost/vidren_tests..","timestamp":"2020-06-19T15:39:35.691Z"}
{"level":"info","message":"Connected To mongodb://localhost/vidren_tests..","timestamp":"2020-06-19T15:40:09.178Z"}
{"level":"info","message":"Connected To mongodb://localhost/vidren_tests..","timestamp":"2020-06-19T15:40:29.650Z"}
{"level":"info","message":"Connected To mongodb://localhost/vidren_tests..","timestamp":"2020-06-19T15:41:28.628Z"}
{"level":"info","message":"Connected To mongodb://localhost/vidren_tests..","timestamp":"2020-06-19T15:51:28.851Z"}
{"level":"info","message":"Connected To mongodb://localhost/vidren_tests..","timestamp":"2020-06-19T17:22:50.601Z"}
{"level":"info","message":"Connected To mongodb://localhost/vidren_tests..","timestamp":"2020-06-19T17:29:35.558Z"}
{"level":"info","message":"Connected To mongodb://localhost/vidren..","timestamp":"2020-06-19T19:02:58.679Z"}
{"level":"info","message":"Connected To mongodb://localhost/vidren..","timestamp":"2020-06-19T19:03:42.395Z"}
{"level":"info","message":"Connected To mongodb://localhost/vidren..","timestamp":"2020-06-19T19:04:01.183Z"}
{"level":"info","message":"Connected To mongodb://localhost/vidren..","timestamp":"2020-06-19T19:04:04.867Z"}
{"level":"info","message":"Connected To mongodb://localhost/vidren..","timestamp":"2020-06-19T19:04:18.018Z"}
{"level":"info","message":"Connected To mongodb://localhost/vidren..","timestamp":"2020-06-19T19:04:26.479Z"}
{"level":"info","message":"Connected To mongodb://localhost/vidren_tests..","timestamp":"2020-06-19T19:07:19.380Z"}
{"level":"info","message":"Connected To mongodb://localhost/vidren..","timestamp":"2020-06-19T19:40:02.488Z"}
{"level":"info","message":"Connected To mongodb://localhost/vidren..","timestamp":"2020-06-19T19:40:08.724Z"}
{"level":"info","message":"Connected To mongodb://localhost/vidren_tests..","timestamp":"2020-06-19T19:42:49.407Z"}
{"level":"info","message":"Connected To mongodb://localhost/vidren_tests..","timestamp":"2020-06-19T19:44:57.396Z"}
{"level":"info","message":"Connected To mongodb://localhost/vidren..","timestamp":"2020-06-19T20:13:19.374Z"}
{"level":"info","message":"Connected To mongodb://localhost/vidren..","timestamp":"2020-06-19T20:14:11.272Z"}
{"level":"info","message":"Connected To mongodb://localhost/vidren..","timestamp":"2020-06-19T21:06:27.582Z"}
{"level":"info","message":"Connected To mongodb://localhost/vidren..","timestamp":"2020-06-19T21:10:31.705Z"}
{"level":"info","message":"Connected To mongodb://localhost/vidren..","timestamp":"2020-06-19T21:11:32.396Z"}
{"message":"Genre validation failed: name: Path `name` is required.","stack":"ValidationError: Genre validation failed: name: Path `name` is required.\n    at model.Document.invalidate (C:\\Users\\Aman Choudhury\\Documents\\node js\\vidren\\node_modules\\mongoose\\lib\\document.js:2574:32)\n    at C:\\Users\\Aman Choudhury\\Documents\\node js\\vidren\\node_modules\\mongoose\\lib\\document.js:2394:17\n    at C:\\Users\\Aman Choudhury\\Documents\\node js\\vidren\\node_modules\\mongoose\\lib\\schematype.js:1181:9\n    at processTicksAndRejections (internal/process/task_queues.js:79:11)","errors":{"name":{"properties":{"message":"Path `name` is required.","type":"required","path":"name"},"kind":"required","path":"name"}},"_message":"Genre validation failed","level":"error","timestamp":"2020-06-19T21:28:03.912Z"}
{"level":"info","message":"Connected To mongodb://localhost/vidren..","timestamp":"2020-06-19T21:30:26.584Z"}
{"message":"Genre validation failed: name: Path `name` is required.","stack":"ValidationError: Genre validation failed: name: Path `name` is required.\n    at model.Document.invalidate (C:\\Users\\Aman Choudhury\\Documents\\node js\\vidren\\node_modules\\mongoose\\lib\\document.js:2574:32)\n    at C:\\Users\\Aman Choudhury\\Documents\\node js\\vidren\\node_modules\\mongoose\\lib\\document.js:2394:17\n    at C:\\Users\\Aman Choudhury\\Documents\\node js\\vidren\\node_modules\\mongoose\\lib\\schematype.js:1181:9\n    at processTicksAndRejections (internal/process/task_queues.js:79:11)","errors":{"name":{"properties":{"message":"Path `name` is required.","type":"required","path":"name"},"kind":"required","path":"name"}},"_message":"Genre validation failed","level":"error","timestamp":"2020-06-19T21:30:36.840Z"}
{"message":"Genre validation failed: name: Path `name` is required.","stack":"ValidationError: Genre validation failed: name: Path `name` is required.\n    at model.Document.invalidate (C:\\Users\\Aman Choudhury\\Documents\\node js\\vidren\\node_modules\\mongoose\\lib\\document.js:2574:32)\n    at C:\\Users\\Aman Choudhury\\Documents\\node js\\vidren\\node_modules\\mongoose\\lib\\document.js:2394:17\n    at C:\\Users\\Aman Choudhury\\Documents\\node js\\vidren\\node_modules\\mongoose\\lib\\schematype.js:1181:9\n    at processTicksAndRejections (internal/process/task_queues.js:79:11)","errors":{"name":{"properties":{"message":"Path `name` is required.","type":"required","path":"name"},"kind":"required","path":"name"}},"_message":"Genre validation failed","level":"error","timestamp":"2020-06-19T21:30:44.864Z"}
{"level":"info","message":"Connected To mongodb://localhost/vidren..","timestamp":"2020-06-19T21:31:42.737Z"}
{"message":"Genre validation failed: name: Path `name` is required.","stack":"ValidationError: Genre validation failed: name: Path `name` is required.\n    at model.Document.invalidate (C:\\Users\\Aman Choudhury\\Documents\\node js\\vidren\\node_modules\\mongoose\\lib\\document.js:2574:32)\n    at C:\\Users\\Aman Choudhury\\Documents\\node js\\vidren\\node_modules\\mongoose\\lib\\document.js:2394:17\n    at C:\\Users\\Aman Choudhury\\Documents\\node js\\vidren\\node_modules\\mongoose\\lib\\schematype.js:1181:9\n    at processTicksAndRejections (internal/process/task_queues.js:79:11)","errors":{"name":{"properties":{"message":"Path `name` is required.","type":"required","path":"name"},"kind":"required","path":"name"}},"_message":"Genre validation failed","level":"error","timestamp":"2020-06-19T21:32:55.818Z"}
{"message":"Genre validation failed: name: Path `name` is required.","stack":"ValidationError: Genre validation failed: name: Path `name` is required.\n    at model.Document.invalidate (C:\\Users\\Aman Choudhury\\Documents\\node js\\vidren\\node_modules\\mongoose\\lib\\document.js:2574:32)\n    at C:\\Users\\Aman Choudhury\\Documents\\node js\\vidren\\node_modules\\mongoose\\lib\\document.js:2394:17\n    at C:\\Users\\Aman Choudhury\\Documents\\node js\\vidren\\node_modules\\mongoose\\lib\\schematype.js:1181:9\n    at processTicksAndRejections (internal/process/task_queues.js:79:11)","errors":{"name":{"properties":{"message":"Path `name` is required.","type":"required","path":"name"},"kind":"required","path":"name"}},"_message":"Genre validation failed","level":"error","timestamp":"2020-06-19T21:33:22.274Z"}
{"message":"Genre validation failed: name: Path `name` is required.","stack":"ValidationError: Genre validation failed: name: Path `name` is required.\n    at model.Document.invalidate (C:\\Users\\Aman Choudhury\\Documents\\node js\\vidren\\node_modules\\mongoose\\lib\\document.js:2574:32)\n    at C:\\Users\\Aman Choudhury\\Documents\\node js\\vidren\\node_modules\\mongoose\\lib\\document.js:2394:17\n    at C:\\Users\\Aman Choudhury\\Documents\\node js\\vidren\\node_modules\\mongoose\\lib\\schematype.js:1181:9\n    at processTicksAndRejections (internal/process/task_queues.js:79:11)","errors":{"name":{"properties":{"message":"Path `name` is required.","type":"required","path":"name"},"kind":"required","path":"name"}},"_message":"Genre validation failed","level":"error","timestamp":"2020-06-19T21:37:42.898Z"}
{"level":"info","message":"Connected To mongodb://localhost/vidren..","timestamp":"2020-06-19T21:39:51.762Z"}
{"message":"Genre validation failed: name: Path `name` is required.","stack":"ValidationError: Genre validation failed: name: Path `name` is required.\n    at model.Document.invalidate (C:\\Users\\Aman Choudhury\\Documents\\node js\\vidren\\node_modules\\mongoose\\lib\\document.js:2574:32)\n    at C:\\Users\\Aman Choudhury\\Documents\\node js\\vidren\\node_modules\\mongoose\\lib\\document.js:2394:17\n    at C:\\Users\\Aman Choudhury\\Documents\\node js\\vidren\\node_modules\\mongoose\\lib\\schematype.js:1181:9\n    at processTicksAndRejections (internal/process/task_queues.js:79:11)","errors":{"name":{"properties":{"message":"Path `name` is required.","type":"required","path":"name"},"kind":"required","path":"name"}},"_message":"Genre validation failed","level":"error","timestamp":"2020-06-19T21:40:05.110Z"}
{"level":"info","message":"Connected To mongodb://localhost/vidren..","timestamp":"2020-06-19T21:42:12.075Z"}
{"message":"Genre validation failed: name: Path `name` is required.","stack":"ValidationError: Genre validation failed: name: Path `name` is required.\n    at model.Document.invalidate (C:\\Users\\Aman Choudhury\\Documents\\node js\\vidren\\node_modules\\mongoose\\lib\\document.js:2574:32)\n    at C:\\Users\\Aman Choudhury\\Documents\\node js\\vidren\\node_modules\\mongoose\\lib\\document.js:2394:17\n    at C:\\Users\\Aman Choudhury\\Documents\\node js\\vidren\\node_modules\\mongoose\\lib\\schematype.js:1181:9\n    at processTicksAndRejections (internal/process/task_queues.js:79:11)","errors":{"name":{"properties":{"message":"Path `name` is required.","type":"required","path":"name"},"kind":"required","path":"name"}},"_message":"Genre validation failed","level":"error","timestamp":"2020-06-19T21:42:23.883Z"}
{"level":"info","message":"Connected To mongodb://localhost/vidren..","timestamp":"2020-06-19T21:43:09.977Z"}
{"level":"info","message":"Connected To mongodb://localhost/vidren..","timestamp":"2020-06-19T21:44:18.049Z"}
{"level":"info","message":"Connected To mongodb://localhost/vidren..","timestamp":"2020-06-19T21:46:25.918Z"}
{"level":"info","message":"Connected To mongodb://localhost/vidren..","timestamp":"2020-06-19T21:46:39.143Z"}
{"message":"Cannot set headers after they are sent to the client","stack":"Error [ERR_HTTP_HEADERS_SENT]: Cannot set headers after they are sent to the client\n    at ServerResponse.setHeader (_http_outgoing.js:518:11)\n    at ServerResponse.header (C:\\Users\\Aman Choudhury\\Documents\\node js\\node_modules\\express\\lib\\response.js:771:10)\n    at ServerResponse.send (C:\\Users\\Aman Choudhury\\Documents\\node js\\node_modules\\express\\lib\\response.js:170:12)\n    at ServerResponse.json (C:\\Users\\Aman Choudhury\\Documents\\node js\\node_modules\\express\\lib\\response.js:267:15)\n    at ServerResponse.send (C:\\Users\\Aman Choudhury\\Documents\\node js\\node_modules\\express\\lib\\response.js:158:21)\n    at C:\\Users\\Aman Choudhury\\Documents\\node js\\vidren\\routes\\genres.js:35:10","code":"ERR_HTTP_HEADERS_SENT","level":"error","timestamp":"2020-06-19T21:46:41.875Z"}
{"message":"Cannot set headers after they are sent to the client","stack":"Error [ERR_HTTP_HEADERS_SENT]: Cannot set headers after they are sent to the client\n    at ServerResponse.setHeader (_http_outgoing.js:518:11)\n    at ServerResponse.header (C:\\Users\\Aman Choudhury\\Documents\\node js\\node_modules\\express\\lib\\response.js:771:10)\n    at ServerResponse.send (C:\\Users\\Aman Choudhury\\Documents\\node js\\node_modules\\express\\lib\\response.js:170:12)\n    at ServerResponse.json (C:\\Users\\Aman Choudhury\\Documents\\node js\\node_modules\\express\\lib\\response.js:267:15)\n    at ServerResponse.send (C:\\Users\\Aman Choudhury\\Documents\\node js\\node_modules\\express\\lib\\response.js:158:21)\n    at C:\\Users\\Aman Choudhury\\Documents\\node js\\vidren\\routes\\genres.js:35:10","code":"ERR_HTTP_HEADERS_SENT","level":"error","timestamp":"2020-06-19T21:49:57.087Z"}
{"message":"Cannot set headers after they are sent to the client","stack":"Error [ERR_HTTP_HEADERS_SENT]: Cannot set headers after they are sent to the client\n    at ServerResponse.setHeader (_http_outgoing.js:518:11)\n    at ServerResponse.header (C:\\Users\\Aman Choudhury\\Documents\\node js\\node_modules\\express\\lib\\response.js:771:10)\n    at ServerResponse.send (C:\\Users\\Aman Choudhury\\Documents\\node js\\node_modules\\express\\lib\\response.js:170:12)\n    at ServerResponse.json (C:\\Users\\Aman Choudhury\\Documents\\node js\\node_modules\\express\\lib\\response.js:267:15)\n    at ServerResponse.send (C:\\Users\\Aman Choudhury\\Documents\\node js\\node_modules\\express\\lib\\response.js:158:21)\n    at C:\\Users\\Aman Choudhury\\Documents\\node js\\vidren\\routes\\genres.js:35:10","code":"ERR_HTTP_HEADERS_SENT","level":"error","timestamp":"2020-06-19T21:49:57.153Z"}
{"level":"info","message":"Connected To mongodb://localhost/vidren..","timestamp":"2020-06-19T21:50:19.019Z"}
{"level":"info","message":"Connected To mongodb://localhost/vidren..","timestamp":"2020-06-19T22:01:47.589Z"}
{"level":"info","message":"Connected To mongodb://localhost/vidren..","timestamp":"2020-06-19T22:02:25.675Z"}
{"level":"info","message":"Connected To mongodb://localhost/vidren..","timestamp":"2020-06-19T22:14:45.236Z"}
{"level":"info","message":"Connected To mongodb://localhost/vidren..","timestamp":"2020-06-19T22:15:09.010Z"}
{"level":"info","message":"Connected To mongodb://localhost/vidren..","timestamp":"2020-06-19T22:19:04.304Z"}
{"level":"info","message":"Connected To mongodb://localhost/vidren..","timestamp":"2020-06-19T22:19:12.361Z"}
{"level":"info","message":"Connected To mongodb://localhost/vidren..","timestamp":"2020-06-19T22:19:54.152Z"}
{"level":"info","message":"Connected To mongodb://localhost/vidren..","timestamp":"2020-06-19T22:20:27.006Z"}
{"message":"Genre validation failed: name: Path `name` is required.","stack":"ValidationError: Genre validation failed: name: Path `name` is required.\n    at model.Document.invalidate (C:\\Users\\Aman Choudhury\\Documents\\node js\\vidren\\node_modules\\mongoose\\lib\\document.js:2574:32)\n    at C:\\Users\\Aman Choudhury\\Documents\\node js\\vidren\\node_modules\\mongoose\\lib\\document.js:2394:17\n    at C:\\Users\\Aman Choudhury\\Documents\\node js\\vidren\\node_modules\\mongoose\\lib\\schematype.js:1181:9\n    at processTicksAndRejections (internal/process/task_queues.js:79:11)","errors":{"name":{"properties":{"message":"Path `name` is required.","type":"required","path":"name"},"kind":"required","path":"name"}},"_message":"Genre validation failed","level":"error","timestamp":"2020-06-19T22:20:27.035Z"}
{"level":"info","message":"Connected To mongodb://localhost/vidren..","timestamp":"2020-06-19T22:20:46.743Z"}
{"level":"info","message":"Connected To mongodb://localhost/vidren..","timestamp":"2020-06-20T09:19:39.900Z"}
{"level":"info","message":"Connected To mongodb://localhost/vidren..","timestamp":"2020-09-05T11:48:20.681Z"}
{"level":"info","message":"Connected To mongodb://localhost/vidren..","timestamp":"2020-09-05T15:28:00.363Z"}
{"level":"info","message":"Connected To mongodb://localhost/vidren..","timestamp":"2020-09-05T16:37:09.479Z"}
{"level":"info","message":"Connected To mongodb://localhost/vidren..","timestamp":"2020-09-05T16:37:49.865Z"}
{"level":"info","message":"Connected To mongodb://localhost/vidren..","timestamp":"2020-09-05T16:39:20.166Z"}
{"level":"info","message":"Connected To mongodb://localhost/vidren..","timestamp":"2020-09-05T16:39:55.694Z"}
{"level":"info","message":"Connected To mongodb://localhost/vidren..","timestamp":"2020-09-05T16:45:33.204Z"}
{"level":"info","message":"Connected To mongodb://localhost/vidren..","timestamp":"2020-09-05T16:48:24.001Z"}
{"level":"info","message":"Connected To mongodb://localhost/vidren..","timestamp":"2020-09-05T16:48:56.208Z"}
{"level":"info","message":"Connected To mongodb://localhost/vidren..","timestamp":"2020-09-05T16:51:29.200Z"}
{"level":"info","message":"Connected To mongodb://localhost/vidren..","timestamp":"2020-09-05T16:51:44.351Z"}
{"level":"info","message":"Connected To mongodb://localhost/vidren..","timestamp":"2020-09-05T16:54:52.694Z"}
{"level":"info","message":"Connected To mongodb://localhost/vidren..","timestamp":"2020-09-05T17:52:54.752Z"}
